<?xml version="1.0" encoding="UTF-8"?>
<testsuite name="com.habfitt.dashboard.DashboardControllerTest" tests="3" skipped="0" failures="0" errors="0" timestamp="2026-03-04T20:47:46" hostname="192.168.1.27" time="0.073">
  <properties/>
  <testcase name="getDashboard_returnsNoPlanState()" classname="com.habfitt.dashboard.DashboardControllerTest" time="0.066"/>
  <testcase name="getDashboard_returns401WithoutAuth()" classname="com.habfitt.dashboard.DashboardControllerTest" time="0.003"/>
  <testcase name="getDashboard_defaultsToUtcWhenInvalidTimezone()" classname="com.habfitt.dashboard.DashboardControllerTest" time="0.002"/>
  <system-out><![CDATA[02:17:45.382 [Test worker] INFO org.springframework.test.context.support.AnnotationConfigContextLoaderUtils -- Could not detect default configuration classes for test class [com.habfitt.dashboard.DashboardControllerTest]: DashboardControllerTest does not declare any static, non-private, non-final, nested classes annotated with @Configuration.
02:17:45.428 [Test worker] INFO org.springframework.boot.test.context.SpringBootTestContextBootstrapper -- Found @SpringBootConfiguration com.habfitt.dashboard.HfMsDashboardApplication for test class com.habfitt.dashboard.DashboardControllerTest

  .   ____          _            __ _ _
 /\\ / ___'_ __ _ _(_)_ __  __ _ \ \ \ \
( ( )\___ | '_ | '_| | '_ \/ _` | \ \ \ \
 \\/  ___)| |_)| | | | | || (_| |  ) ) ) )
  '  |____| .__|_| |_|_| |_\__, | / / / /
 =========|_|==============|___/=/_/_/_/

 :: Spring Boot ::                (v3.3.5)

2026-03-05T02:17:45.598+05:30  INFO 19225 --- [hf-ms-dashboard] [    Test worker] c.h.dashboard.DashboardControllerTest    : Starting DashboardControllerTest using Java 21.0.10 with PID 19225 (started by sapannagpal in /Users/sapannagpal/Documents/Workspace/hf-ms-dashboard)
2026-03-05T02:17:45.599+05:30  INFO 19225 --- [hf-ms-dashboard] [    Test worker] c.h.dashboard.DashboardControllerTest    : No active profile set, falling back to 1 default profile: "default"
2026-03-05T02:17:46.456+05:30  INFO 19225 --- [hf-ms-dashboard] [    Test worker] o.s.b.t.m.w.SpringBootMockServletContext : Initializing Spring TestDispatcherServlet ''
2026-03-05T02:17:46.456+05:30  INFO 19225 --- [hf-ms-dashboard] [    Test worker] o.s.t.web.servlet.TestDispatcherServlet  : Initializing Servlet ''
2026-03-05T02:17:46.457+05:30  INFO 19225 --- [hf-ms-dashboard] [    Test worker] o.s.t.web.servlet.TestDispatcherServlet  : Completed initialization in 1 ms
2026-03-05T02:17:46.468+05:30  INFO 19225 --- [hf-ms-dashboard] [    Test worker] c.h.dashboard.DashboardControllerTest    : Started DashboardControllerTest in 1.012 seconds (process running for 1.407)
]]></system-out>
  <system-err><![CDATA[WARNING: A Java agent has been loaded dynamically (/Users/sapannagpal/.gradle/caches/modules-2/files-2.1/net.bytebuddy/byte-buddy-agent/1.14.19/154da3a65b4f4a909d3e5bdec55d1b2b4cbb6ce1/byte-buddy-agent-1.14.19.jar)
WARNING: If a serviceability tool is in use, please run with -XX:+EnableDynamicAgentLoading to hide this warning
WARNING: If a serviceability tool is not in use, please run with -Djdk.instrument.traceUsage for more information
WARNING: Dynamic loading of agents will be disallowed by default in a future release
]]></system-err>
</testsuite>
